03/01/2017 18:34:25.015 [main] INFO  org.hibernate.jpa.internal.util.LogHelper:31 - HHH000204: Processing PersistenceUnitInfo [
	name: default
	...]
03/01/2017 18:34:25.063 [main] INFO  org.hibernate.Version:37 - HHH000412: Hibernate Core {5.1.0.Final}
03/01/2017 18:34:25.065 [main] INFO  org.hibernate.cfg.Environment:213 - HHH000206: hibernate.properties not found
03/01/2017 18:34:25.066 [main] INFO  org.hibernate.cfg.Environment:317 - HHH000021: Bytecode provider name : javassist
03/01/2017 18:34:25.105 [main] INFO  org.hibernate.annotations.common.Version:66 - HCANN000001: Hibernate Commons Annotations {5.0.1.Final}
03/01/2017 18:34:25.481 [main] INFO  org.hibernate.dialect.Dialect:156 - HHH000400: Using dialect: org.hibernate.dialect.PostgreSQL94Dialect
03/01/2017 18:34:25.693 [main] INFO  org.hibernate.engine.jdbc.env.internal.LobCreatorBuilderImpl:124 - HHH000424: Disabling contextual LOB creation as createClob() method threw error : java.lang.reflect.InvocationTargetException
03/01/2017 18:34:25.694 [main] INFO  org.hibernate.type.BasicTypeRegistry:138 - HHH000270: Type registration [java.util.UUID] overrides previous : org.hibernate.type.UUIDBinaryType@5aa0dbf4
03/01/2017 18:34:25.950 [main] INFO  org.hibernate.validator.internal.util.Version:30 - HV000001: Hibernate Validator 5.2.4.Final
03/01/2017 18:34:25.989 [main] WARN  org.hibernate.cfg.beanvalidation.TypeSafeActivator:194 - HHH000274: Unable to apply constraints on DDL for br.com.ajvideira.cursos.alura.springmvc.model.Produto
javax.validation.ValidationException: HV000183: Unable to load 'javax.el.ExpressionFactory'. Check that you have the EL dependencies on the classpath, or use ParameterMessageInterpolator instead
	at org.hibernate.validator.internal.engine.ValidatorFactoryImpl.createValidator(ValidatorFactoryImpl.java:339) ~[hibernate-validator-5.2.4.Final.jar:5.2.4.Final]
	at org.hibernate.validator.internal.engine.ValidatorFactoryImpl.getValidator(ValidatorFactoryImpl.java:256) ~[hibernate-validator-5.2.4.Final.jar:5.2.4.Final]
	at org.hibernate.cfg.beanvalidation.TypeSafeActivator.applyDDL(TypeSafeActivator.java:207) ~[hibernate-core-5.1.0.Final.jar:5.1.0.Final]
	at org.hibernate.cfg.beanvalidation.TypeSafeActivator.applyRelationalConstraints(TypeSafeActivator.java:191) [hibernate-core-5.1.0.Final.jar:5.1.0.Final]
	at org.hibernate.cfg.beanvalidation.TypeSafeActivator.applyRelationalConstraints(TypeSafeActivator.java:150) [hibernate-core-5.1.0.Final.jar:5.1.0.Final]
	at org.hibernate.cfg.beanvalidation.TypeSafeActivator.activate(TypeSafeActivator.java:98) [hibernate-core-5.1.0.Final.jar:5.1.0.Final]
	at sun.reflect.NativeMethodAccessorImpl.invoke0(Native Method) ~[?:1.8.0_111]
	at sun.reflect.NativeMethodAccessorImpl.invoke(NativeMethodAccessorImpl.java:62) ~[?:1.8.0_111]
	at sun.reflect.DelegatingMethodAccessorImpl.invoke(DelegatingMethodAccessorImpl.java:43) ~[?:1.8.0_111]
	at java.lang.reflect.Method.invoke(Method.java:498) ~[?:1.8.0_111]
	at org.hibernate.cfg.beanvalidation.BeanValidationIntegrator.integrate(BeanValidationIntegrator.java:132) [hibernate-core-5.1.0.Final.jar:5.1.0.Final]
	at org.hibernate.internal.SessionFactoryImpl.<init>(SessionFactoryImpl.java:276) [hibernate-core-5.1.0.Final.jar:5.1.0.Final]
	at org.hibernate.boot.internal.SessionFactoryBuilderImpl.build(SessionFactoryBuilderImpl.java:465) [hibernate-core-5.1.0.Final.jar:5.1.0.Final]
	at org.hibernate.jpa.boot.internal.EntityManagerFactoryBuilderImpl.build(EntityManagerFactoryBuilderImpl.java:881) [hibernate-entitymanager-5.1.0.Final.jar:5.1.0.Final]
	at org.springframework.orm.jpa.vendor.SpringHibernateJpaPersistenceProvider.createContainerEntityManagerFactory(SpringHibernateJpaPersistenceProvider.java:60) [spring-orm-4.3.0.RELEASE.jar:4.3.0.RELEASE]
	at org.springframework.orm.jpa.LocalContainerEntityManagerFactoryBean.createNativeEntityManagerFactory(LocalContainerEntityManagerFactoryBean.java:338) [spring-orm-4.3.0.RELEASE.jar:4.3.0.RELEASE]
	at org.springframework.orm.jpa.AbstractEntityManagerFactoryBean.buildNativeEntityManagerFactory(AbstractEntityManagerFactoryBean.java:373) [spring-orm-4.3.0.RELEASE.jar:4.3.0.RELEASE]
	at org.springframework.orm.jpa.AbstractEntityManagerFactoryBean.afterPropertiesSet(AbstractEntityManagerFactoryBean.java:362) [spring-orm-4.3.0.RELEASE.jar:4.3.0.RELEASE]
	at org.springframework.beans.factory.support.AbstractAutowireCapableBeanFactory.invokeInitMethods(AbstractAutowireCapableBeanFactory.java:1637) [spring-beans-4.3.0.RELEASE.jar:4.3.0.RELEASE]
	at org.springframework.beans.factory.support.AbstractAutowireCapableBeanFactory.initializeBean(AbstractAutowireCapableBeanFactory.java:1574) [spring-beans-4.3.0.RELEASE.jar:4.3.0.RELEASE]
	at org.springframework.beans.factory.support.AbstractAutowireCapableBeanFactory.doCreateBean(AbstractAutowireCapableBeanFactory.java:545) [spring-beans-4.3.0.RELEASE.jar:4.3.0.RELEASE]
	at org.springframework.beans.factory.support.AbstractAutowireCapableBeanFactory.createBean(AbstractAutowireCapableBeanFactory.java:482) [spring-beans-4.3.0.RELEASE.jar:4.3.0.RELEASE]
	at org.springframework.beans.factory.support.AbstractBeanFactory$1.getObject(AbstractBeanFactory.java:306) [spring-beans-4.3.0.RELEASE.jar:4.3.0.RELEASE]
	at org.springframework.beans.factory.support.DefaultSingletonBeanRegistry.getSingleton(DefaultSingletonBeanRegistry.java:230) [spring-beans-4.3.0.RELEASE.jar:4.3.0.RELEASE]
	at org.springframework.beans.factory.support.AbstractBeanFactory.doGetBean(AbstractBeanFactory.java:302) [spring-beans-4.3.0.RELEASE.jar:4.3.0.RELEASE]
	at org.springframework.beans.factory.support.AbstractBeanFactory.getBean(AbstractBeanFactory.java:197) [spring-beans-4.3.0.RELEASE.jar:4.3.0.RELEASE]
	at org.springframework.context.support.AbstractApplicationContext.getBean(AbstractApplicationContext.java:1076) [spring-context-4.3.0.RELEASE.jar:4.3.0.RELEASE]
	at org.springframework.context.support.AbstractApplicationContext.finishBeanFactoryInitialization(AbstractApplicationContext.java:851) [spring-context-4.3.0.RELEASE.jar:4.3.0.RELEASE]
	at org.springframework.context.support.AbstractApplicationContext.refresh(AbstractApplicationContext.java:541) [spring-context-4.3.0.RELEASE.jar:4.3.0.RELEASE]
	at org.springframework.test.context.support.AbstractGenericContextLoader.loadContext(AbstractGenericContextLoader.java:128) [spring-test-4.3.0.RELEASE.jar:4.3.0.RELEASE]
	at org.springframework.test.context.support.AbstractGenericContextLoader.loadContext(AbstractGenericContextLoader.java:60) [spring-test-4.3.0.RELEASE.jar:4.3.0.RELEASE]
	at org.springframework.test.context.support.AbstractDelegatingSmartContextLoader.delegateLoading(AbstractDelegatingSmartContextLoader.java:108) [spring-test-4.3.0.RELEASE.jar:4.3.0.RELEASE]
	at org.springframework.test.context.support.AbstractDelegatingSmartContextLoader.loadContext(AbstractDelegatingSmartContextLoader.java:251) [spring-test-4.3.0.RELEASE.jar:4.3.0.RELEASE]
	at org.springframework.test.context.cache.DefaultCacheAwareContextLoaderDelegate.loadContextInternal(DefaultCacheAwareContextLoaderDelegate.java:98) [spring-test-4.3.0.RELEASE.jar:4.3.0.RELEASE]
	at org.springframework.test.context.cache.DefaultCacheAwareContextLoaderDelegate.loadContext(DefaultCacheAwareContextLoaderDelegate.java:116) [spring-test-4.3.0.RELEASE.jar:4.3.0.RELEASE]
	at org.springframework.test.context.support.DefaultTestContext.getApplicationContext(DefaultTestContext.java:83) [spring-test-4.3.0.RELEASE.jar:4.3.0.RELEASE]
	at org.springframework.test.context.support.DependencyInjectionTestExecutionListener.injectDependencies(DependencyInjectionTestExecutionListener.java:117) [spring-test-4.3.0.RELEASE.jar:4.3.0.RELEASE]
	at org.springframework.test.context.support.DependencyInjectionTestExecutionListener.prepareTestInstance(DependencyInjectionTestExecutionListener.java:83) [spring-test-4.3.0.RELEASE.jar:4.3.0.RELEASE]
	at org.springframework.test.context.TestContextManager.prepareTestInstance(TestContextManager.java:230) [spring-test-4.3.0.RELEASE.jar:4.3.0.RELEASE]
	at org.springframework.test.context.junit4.SpringJUnit4ClassRunner.createTest(SpringJUnit4ClassRunner.java:228) [spring-test-4.3.0.RELEASE.jar:4.3.0.RELEASE]
	at org.springframework.test.context.junit4.SpringJUnit4ClassRunner$1.runReflectiveCall(SpringJUnit4ClassRunner.java:287) [spring-test-4.3.0.RELEASE.jar:4.3.0.RELEASE]
	at org.junit.internal.runners.model.ReflectiveCallable.run(ReflectiveCallable.java:12) [junit-4.12.jar:4.12]
	at org.springframework.test.context.junit4.SpringJUnit4ClassRunner.methodBlock(SpringJUnit4ClassRunner.java:289) [spring-test-4.3.0.RELEASE.jar:4.3.0.RELEASE]
	at org.springframework.test.context.junit4.SpringJUnit4ClassRunner.runChild(SpringJUnit4ClassRunner.java:247) [spring-test-4.3.0.RELEASE.jar:4.3.0.RELEASE]
	at org.springframework.test.context.junit4.SpringJUnit4ClassRunner.runChild(SpringJUnit4ClassRunner.java:94) [spring-test-4.3.0.RELEASE.jar:4.3.0.RELEASE]
	at org.junit.runners.ParentRunner$3.run(ParentRunner.java:290) [junit-4.12.jar:4.12]
	at org.junit.runners.ParentRunner$1.schedule(ParentRunner.java:71) [junit-4.12.jar:4.12]
	at org.junit.runners.ParentRunner.runChildren(ParentRunner.java:288) [junit-4.12.jar:4.12]
	at org.junit.runners.ParentRunner.access$000(ParentRunner.java:58) [junit-4.12.jar:4.12]
	at org.junit.runners.ParentRunner$2.evaluate(ParentRunner.java:268) [junit-4.12.jar:4.12]
	at org.springframework.test.context.junit4.statements.RunBeforeTestClassCallbacks.evaluate(RunBeforeTestClassCallbacks.java:61) [spring-test-4.3.0.RELEASE.jar:4.3.0.RELEASE]
	at org.springframework.test.context.junit4.statements.RunAfterTestClassCallbacks.evaluate(RunAfterTestClassCallbacks.java:70) [spring-test-4.3.0.RELEASE.jar:4.3.0.RELEASE]
	at org.junit.runners.ParentRunner.run(ParentRunner.java:363) [junit-4.12.jar:4.12]
	at org.springframework.test.context.junit4.SpringJUnit4ClassRunner.run(SpringJUnit4ClassRunner.java:191) [spring-test-4.3.0.RELEASE.jar:4.3.0.RELEASE]
	at org.eclipse.jdt.internal.junit4.runner.JUnit4TestReference.run(JUnit4TestReference.java:86) [.cp/:?]
	at org.eclipse.jdt.internal.junit.runner.TestExecution.run(TestExecution.java:38) [.cp/:?]
	at org.eclipse.jdt.internal.junit.runner.RemoteTestRunner.runTests(RemoteTestRunner.java:459) [.cp/:?]
	at org.eclipse.jdt.internal.junit.runner.RemoteTestRunner.runTests(RemoteTestRunner.java:675) [.cp/:?]
	at org.eclipse.jdt.internal.junit.runner.RemoteTestRunner.run(RemoteTestRunner.java:382) [.cp/:?]
	at org.eclipse.jdt.internal.junit.runner.RemoteTestRunner.main(RemoteTestRunner.java:192) [.cp/:?]
03/01/2017 18:34:25.994 [main] WARN  org.hibernate.cfg.beanvalidation.TypeSafeActivator:194 - HHH000274: Unable to apply constraints on DDL for br.com.ajvideira.cursos.alura.springmvc.model.Role
javax.validation.ValidationException: HV000183: Unable to load 'javax.el.ExpressionFactory'. Check that you have the EL dependencies on the classpath, or use ParameterMessageInterpolator instead
	at org.hibernate.validator.internal.engine.ValidatorFactoryImpl.createValidator(ValidatorFactoryImpl.java:339) ~[hibernate-validator-5.2.4.Final.jar:5.2.4.Final]
	at org.hibernate.validator.internal.engine.ValidatorFactoryImpl.getValidator(ValidatorFactoryImpl.java:256) ~[hibernate-validator-5.2.4.Final.jar:5.2.4.Final]
	at org.hibernate.cfg.beanvalidation.TypeSafeActivator.applyDDL(TypeSafeActivator.java:207) ~[hibernate-core-5.1.0.Final.jar:5.1.0.Final]
	at org.hibernate.cfg.beanvalidation.TypeSafeActivator.applyRelationalConstraints(TypeSafeActivator.java:191) [hibernate-core-5.1.0.Final.jar:5.1.0.Final]
	at org.hibernate.cfg.beanvalidation.TypeSafeActivator.applyRelationalConstraints(TypeSafeActivator.java:150) [hibernate-core-5.1.0.Final.jar:5.1.0.Final]
	at org.hibernate.cfg.beanvalidation.TypeSafeActivator.activate(TypeSafeActivator.java:98) [hibernate-core-5.1.0.Final.jar:5.1.0.Final]
	at sun.reflect.NativeMethodAccessorImpl.invoke0(Native Method) ~[?:1.8.0_111]
	at sun.reflect.NativeMethodAccessorImpl.invoke(NativeMethodAccessorImpl.java:62) ~[?:1.8.0_111]
	at sun.reflect.DelegatingMethodAccessorImpl.invoke(DelegatingMethodAccessorImpl.java:43) ~[?:1.8.0_111]
	at java.lang.reflect.Method.invoke(Method.java:498) ~[?:1.8.0_111]
	at org.hibernate.cfg.beanvalidation.BeanValidationIntegrator.integrate(BeanValidationIntegrator.java:132) [hibernate-core-5.1.0.Final.jar:5.1.0.Final]
	at org.hibernate.internal.SessionFactoryImpl.<init>(SessionFactoryImpl.java:276) [hibernate-core-5.1.0.Final.jar:5.1.0.Final]
	at org.hibernate.boot.internal.SessionFactoryBuilderImpl.build(SessionFactoryBuilderImpl.java:465) [hibernate-core-5.1.0.Final.jar:5.1.0.Final]
	at org.hibernate.jpa.boot.internal.EntityManagerFactoryBuilderImpl.build(EntityManagerFactoryBuilderImpl.java:881) [hibernate-entitymanager-5.1.0.Final.jar:5.1.0.Final]
	at org.springframework.orm.jpa.vendor.SpringHibernateJpaPersistenceProvider.createContainerEntityManagerFactory(SpringHibernateJpaPersistenceProvider.java:60) [spring-orm-4.3.0.RELEASE.jar:4.3.0.RELEASE]
	at org.springframework.orm.jpa.LocalContainerEntityManagerFactoryBean.createNativeEntityManagerFactory(LocalContainerEntityManagerFactoryBean.java:338) [spring-orm-4.3.0.RELEASE.jar:4.3.0.RELEASE]
	at org.springframework.orm.jpa.AbstractEntityManagerFactoryBean.buildNativeEntityManagerFactory(AbstractEntityManagerFactoryBean.java:373) [spring-orm-4.3.0.RELEASE.jar:4.3.0.RELEASE]
	at org.springframework.orm.jpa.AbstractEntityManagerFactoryBean.afterPropertiesSet(AbstractEntityManagerFactoryBean.java:362) [spring-orm-4.3.0.RELEASE.jar:4.3.0.RELEASE]
	at org.springframework.beans.factory.support.AbstractAutowireCapableBeanFactory.invokeInitMethods(AbstractAutowireCapableBeanFactory.java:1637) [spring-beans-4.3.0.RELEASE.jar:4.3.0.RELEASE]
	at org.springframework.beans.factory.support.AbstractAutowireCapableBeanFactory.initializeBean(AbstractAutowireCapableBeanFactory.java:1574) [spring-beans-4.3.0.RELEASE.jar:4.3.0.RELEASE]
	at org.springframework.beans.factory.support.AbstractAutowireCapableBeanFactory.doCreateBean(AbstractAutowireCapableBeanFactory.java:545) [spring-beans-4.3.0.RELEASE.jar:4.3.0.RELEASE]
	at org.springframework.beans.factory.support.AbstractAutowireCapableBeanFactory.createBean(AbstractAutowireCapableBeanFactory.java:482) [spring-beans-4.3.0.RELEASE.jar:4.3.0.RELEASE]
	at org.springframework.beans.factory.support.AbstractBeanFactory$1.getObject(AbstractBeanFactory.java:306) [spring-beans-4.3.0.RELEASE.jar:4.3.0.RELEASE]
	at org.springframework.beans.factory.support.DefaultSingletonBeanRegistry.getSingleton(DefaultSingletonBeanRegistry.java:230) [spring-beans-4.3.0.RELEASE.jar:4.3.0.RELEASE]
	at org.springframework.beans.factory.support.AbstractBeanFactory.doGetBean(AbstractBeanFactory.java:302) [spring-beans-4.3.0.RELEASE.jar:4.3.0.RELEASE]
	at org.springframework.beans.factory.support.AbstractBeanFactory.getBean(AbstractBeanFactory.java:197) [spring-beans-4.3.0.RELEASE.jar:4.3.0.RELEASE]
	at org.springframework.context.support.AbstractApplicationContext.getBean(AbstractApplicationContext.java:1076) [spring-context-4.3.0.RELEASE.jar:4.3.0.RELEASE]
	at org.springframework.context.support.AbstractApplicationContext.finishBeanFactoryInitialization(AbstractApplicationContext.java:851) [spring-context-4.3.0.RELEASE.jar:4.3.0.RELEASE]
	at org.springframework.context.support.AbstractApplicationContext.refresh(AbstractApplicationContext.java:541) [spring-context-4.3.0.RELEASE.jar:4.3.0.RELEASE]
	at org.springframework.test.context.support.AbstractGenericContextLoader.loadContext(AbstractGenericContextLoader.java:128) [spring-test-4.3.0.RELEASE.jar:4.3.0.RELEASE]
	at org.springframework.test.context.support.AbstractGenericContextLoader.loadContext(AbstractGenericContextLoader.java:60) [spring-test-4.3.0.RELEASE.jar:4.3.0.RELEASE]
	at org.springframework.test.context.support.AbstractDelegatingSmartContextLoader.delegateLoading(AbstractDelegatingSmartContextLoader.java:108) [spring-test-4.3.0.RELEASE.jar:4.3.0.RELEASE]
	at org.springframework.test.context.support.AbstractDelegatingSmartContextLoader.loadContext(AbstractDelegatingSmartContextLoader.java:251) [spring-test-4.3.0.RELEASE.jar:4.3.0.RELEASE]
	at org.springframework.test.context.cache.DefaultCacheAwareContextLoaderDelegate.loadContextInternal(DefaultCacheAwareContextLoaderDelegate.java:98) [spring-test-4.3.0.RELEASE.jar:4.3.0.RELEASE]
	at org.springframework.test.context.cache.DefaultCacheAwareContextLoaderDelegate.loadContext(DefaultCacheAwareContextLoaderDelegate.java:116) [spring-test-4.3.0.RELEASE.jar:4.3.0.RELEASE]
	at org.springframework.test.context.support.DefaultTestContext.getApplicationContext(DefaultTestContext.java:83) [spring-test-4.3.0.RELEASE.jar:4.3.0.RELEASE]
	at org.springframework.test.context.support.DependencyInjectionTestExecutionListener.injectDependencies(DependencyInjectionTestExecutionListener.java:117) [spring-test-4.3.0.RELEASE.jar:4.3.0.RELEASE]
	at org.springframework.test.context.support.DependencyInjectionTestExecutionListener.prepareTestInstance(DependencyInjectionTestExecutionListener.java:83) [spring-test-4.3.0.RELEASE.jar:4.3.0.RELEASE]
	at org.springframework.test.context.TestContextManager.prepareTestInstance(TestContextManager.java:230) [spring-test-4.3.0.RELEASE.jar:4.3.0.RELEASE]
	at org.springframework.test.context.junit4.SpringJUnit4ClassRunner.createTest(SpringJUnit4ClassRunner.java:228) [spring-test-4.3.0.RELEASE.jar:4.3.0.RELEASE]
	at org.springframework.test.context.junit4.SpringJUnit4ClassRunner$1.runReflectiveCall(SpringJUnit4ClassRunner.java:287) [spring-test-4.3.0.RELEASE.jar:4.3.0.RELEASE]
	at org.junit.internal.runners.model.ReflectiveCallable.run(ReflectiveCallable.java:12) [junit-4.12.jar:4.12]
	at org.springframework.test.context.junit4.SpringJUnit4ClassRunner.methodBlock(SpringJUnit4ClassRunner.java:289) [spring-test-4.3.0.RELEASE.jar:4.3.0.RELEASE]
	at org.springframework.test.context.junit4.SpringJUnit4ClassRunner.runChild(SpringJUnit4ClassRunner.java:247) [spring-test-4.3.0.RELEASE.jar:4.3.0.RELEASE]
	at org.springframework.test.context.junit4.SpringJUnit4ClassRunner.runChild(SpringJUnit4ClassRunner.java:94) [spring-test-4.3.0.RELEASE.jar:4.3.0.RELEASE]
	at org.junit.runners.ParentRunner$3.run(ParentRunner.java:290) [junit-4.12.jar:4.12]
	at org.junit.runners.ParentRunner$1.schedule(ParentRunner.java:71) [junit-4.12.jar:4.12]
	at org.junit.runners.ParentRunner.runChildren(ParentRunner.java:288) [junit-4.12.jar:4.12]
	at org.junit.runners.ParentRunner.access$000(ParentRunner.java:58) [junit-4.12.jar:4.12]
	at org.junit.runners.ParentRunner$2.evaluate(ParentRunner.java:268) [junit-4.12.jar:4.12]
	at org.springframework.test.context.junit4.statements.RunBeforeTestClassCallbacks.evaluate(RunBeforeTestClassCallbacks.java:61) [spring-test-4.3.0.RELEASE.jar:4.3.0.RELEASE]
	at org.springframework.test.context.junit4.statements.RunAfterTestClassCallbacks.evaluate(RunAfterTestClassCallbacks.java:70) [spring-test-4.3.0.RELEASE.jar:4.3.0.RELEASE]
	at org.junit.runners.ParentRunner.run(ParentRunner.java:363) [junit-4.12.jar:4.12]
	at org.springframework.test.context.junit4.SpringJUnit4ClassRunner.run(SpringJUnit4ClassRunner.java:191) [spring-test-4.3.0.RELEASE.jar:4.3.0.RELEASE]
	at org.eclipse.jdt.internal.junit4.runner.JUnit4TestReference.run(JUnit4TestReference.java:86) [.cp/:?]
	at org.eclipse.jdt.internal.junit.runner.TestExecution.run(TestExecution.java:38) [.cp/:?]
	at org.eclipse.jdt.internal.junit.runner.RemoteTestRunner.runTests(RemoteTestRunner.java:459) [.cp/:?]
	at org.eclipse.jdt.internal.junit.runner.RemoteTestRunner.runTests(RemoteTestRunner.java:675) [.cp/:?]
	at org.eclipse.jdt.internal.junit.runner.RemoteTestRunner.run(RemoteTestRunner.java:382) [.cp/:?]
	at org.eclipse.jdt.internal.junit.runner.RemoteTestRunner.main(RemoteTestRunner.java:192) [.cp/:?]
03/01/2017 18:34:26.012 [main] WARN  org.hibernate.cfg.beanvalidation.TypeSafeActivator:194 - HHH000274: Unable to apply constraints on DDL for br.com.ajvideira.cursos.alura.springmvc.model.Usuario
javax.validation.ValidationException: HV000183: Unable to load 'javax.el.ExpressionFactory'. Check that you have the EL dependencies on the classpath, or use ParameterMessageInterpolator instead
	at org.hibernate.validator.internal.engine.ValidatorFactoryImpl.createValidator(ValidatorFactoryImpl.java:339) ~[hibernate-validator-5.2.4.Final.jar:5.2.4.Final]
	at org.hibernate.validator.internal.engine.ValidatorFactoryImpl.getValidator(ValidatorFactoryImpl.java:256) ~[hibernate-validator-5.2.4.Final.jar:5.2.4.Final]
	at org.hibernate.cfg.beanvalidation.TypeSafeActivator.applyDDL(TypeSafeActivator.java:207) ~[hibernate-core-5.1.0.Final.jar:5.1.0.Final]
	at org.hibernate.cfg.beanvalidation.TypeSafeActivator.applyRelationalConstraints(TypeSafeActivator.java:191) [hibernate-core-5.1.0.Final.jar:5.1.0.Final]
	at org.hibernate.cfg.beanvalidation.TypeSafeActivator.applyRelationalConstraints(TypeSafeActivator.java:150) [hibernate-core-5.1.0.Final.jar:5.1.0.Final]
	at org.hibernate.cfg.beanvalidation.TypeSafeActivator.activate(TypeSafeActivator.java:98) [hibernate-core-5.1.0.Final.jar:5.1.0.Final]
	at sun.reflect.NativeMethodAccessorImpl.invoke0(Native Method) ~[?:1.8.0_111]
	at sun.reflect.NativeMethodAccessorImpl.invoke(NativeMethodAccessorImpl.java:62) ~[?:1.8.0_111]
	at sun.reflect.DelegatingMethodAccessorImpl.invoke(DelegatingMethodAccessorImpl.java:43) ~[?:1.8.0_111]
	at java.lang.reflect.Method.invoke(Method.java:498) ~[?:1.8.0_111]
	at org.hibernate.cfg.beanvalidation.BeanValidationIntegrator.integrate(BeanValidationIntegrator.java:132) [hibernate-core-5.1.0.Final.jar:5.1.0.Final]
	at org.hibernate.internal.SessionFactoryImpl.<init>(SessionFactoryImpl.java:276) [hibernate-core-5.1.0.Final.jar:5.1.0.Final]
	at org.hibernate.boot.internal.SessionFactoryBuilderImpl.build(SessionFactoryBuilderImpl.java:465) [hibernate-core-5.1.0.Final.jar:5.1.0.Final]
	at org.hibernate.jpa.boot.internal.EntityManagerFactoryBuilderImpl.build(EntityManagerFactoryBuilderImpl.java:881) [hibernate-entitymanager-5.1.0.Final.jar:5.1.0.Final]
	at org.springframework.orm.jpa.vendor.SpringHibernateJpaPersistenceProvider.createContainerEntityManagerFactory(SpringHibernateJpaPersistenceProvider.java:60) [spring-orm-4.3.0.RELEASE.jar:4.3.0.RELEASE]
	at org.springframework.orm.jpa.LocalContainerEntityManagerFactoryBean.createNativeEntityManagerFactory(LocalContainerEntityManagerFactoryBean.java:338) [spring-orm-4.3.0.RELEASE.jar:4.3.0.RELEASE]
	at org.springframework.orm.jpa.AbstractEntityManagerFactoryBean.buildNativeEntityManagerFactory(AbstractEntityManagerFactoryBean.java:373) [spring-orm-4.3.0.RELEASE.jar:4.3.0.RELEASE]
	at org.springframework.orm.jpa.AbstractEntityManagerFactoryBean.afterPropertiesSet(AbstractEntityManagerFactoryBean.java:362) [spring-orm-4.3.0.RELEASE.jar:4.3.0.RELEASE]
	at org.springframework.beans.factory.support.AbstractAutowireCapableBeanFactory.invokeInitMethods(AbstractAutowireCapableBeanFactory.java:1637) [spring-beans-4.3.0.RELEASE.jar:4.3.0.RELEASE]
	at org.springframework.beans.factory.support.AbstractAutowireCapableBeanFactory.initializeBean(AbstractAutowireCapableBeanFactory.java:1574) [spring-beans-4.3.0.RELEASE.jar:4.3.0.RELEASE]
	at org.springframework.beans.factory.support.AbstractAutowireCapableBeanFactory.doCreateBean(AbstractAutowireCapableBeanFactory.java:545) [spring-beans-4.3.0.RELEASE.jar:4.3.0.RELEASE]
	at org.springframework.beans.factory.support.AbstractAutowireCapableBeanFactory.createBean(AbstractAutowireCapableBeanFactory.java:482) [spring-beans-4.3.0.RELEASE.jar:4.3.0.RELEASE]
	at org.springframework.beans.factory.support.AbstractBeanFactory$1.getObject(AbstractBeanFactory.java:306) [spring-beans-4.3.0.RELEASE.jar:4.3.0.RELEASE]
	at org.springframework.beans.factory.support.DefaultSingletonBeanRegistry.getSingleton(DefaultSingletonBeanRegistry.java:230) [spring-beans-4.3.0.RELEASE.jar:4.3.0.RELEASE]
	at org.springframework.beans.factory.support.AbstractBeanFactory.doGetBean(AbstractBeanFactory.java:302) [spring-beans-4.3.0.RELEASE.jar:4.3.0.RELEASE]
	at org.springframework.beans.factory.support.AbstractBeanFactory.getBean(AbstractBeanFactory.java:197) [spring-beans-4.3.0.RELEASE.jar:4.3.0.RELEASE]
	at org.springframework.context.support.AbstractApplicationContext.getBean(AbstractApplicationContext.java:1076) [spring-context-4.3.0.RELEASE.jar:4.3.0.RELEASE]
	at org.springframework.context.support.AbstractApplicationContext.finishBeanFactoryInitialization(AbstractApplicationContext.java:851) [spring-context-4.3.0.RELEASE.jar:4.3.0.RELEASE]
	at org.springframework.context.support.AbstractApplicationContext.refresh(AbstractApplicationContext.java:541) [spring-context-4.3.0.RELEASE.jar:4.3.0.RELEASE]
	at org.springframework.test.context.support.AbstractGenericContextLoader.loadContext(AbstractGenericContextLoader.java:128) [spring-test-4.3.0.RELEASE.jar:4.3.0.RELEASE]
	at org.springframework.test.context.support.AbstractGenericContextLoader.loadContext(AbstractGenericContextLoader.java:60) [spring-test-4.3.0.RELEASE.jar:4.3.0.RELEASE]
	at org.springframework.test.context.support.AbstractDelegatingSmartContextLoader.delegateLoading(AbstractDelegatingSmartContextLoader.java:108) [spring-test-4.3.0.RELEASE.jar:4.3.0.RELEASE]
	at org.springframework.test.context.support.AbstractDelegatingSmartContextLoader.loadContext(AbstractDelegatingSmartContextLoader.java:251) [spring-test-4.3.0.RELEASE.jar:4.3.0.RELEASE]
	at org.springframework.test.context.cache.DefaultCacheAwareContextLoaderDelegate.loadContextInternal(DefaultCacheAwareContextLoaderDelegate.java:98) [spring-test-4.3.0.RELEASE.jar:4.3.0.RELEASE]
	at org.springframework.test.context.cache.DefaultCacheAwareContextLoaderDelegate.loadContext(DefaultCacheAwareContextLoaderDelegate.java:116) [spring-test-4.3.0.RELEASE.jar:4.3.0.RELEASE]
	at org.springframework.test.context.support.DefaultTestContext.getApplicationContext(DefaultTestContext.java:83) [spring-test-4.3.0.RELEASE.jar:4.3.0.RELEASE]
	at org.springframework.test.context.support.DependencyInjectionTestExecutionListener.injectDependencies(DependencyInjectionTestExecutionListener.java:117) [spring-test-4.3.0.RELEASE.jar:4.3.0.RELEASE]
	at org.springframework.test.context.support.DependencyInjectionTestExecutionListener.prepareTestInstance(DependencyInjectionTestExecutionListener.java:83) [spring-test-4.3.0.RELEASE.jar:4.3.0.RELEASE]
	at org.springframework.test.context.TestContextManager.prepareTestInstance(TestContextManager.java:230) [spring-test-4.3.0.RELEASE.jar:4.3.0.RELEASE]
	at org.springframework.test.context.junit4.SpringJUnit4ClassRunner.createTest(SpringJUnit4ClassRunner.java:228) [spring-test-4.3.0.RELEASE.jar:4.3.0.RELEASE]
	at org.springframework.test.context.junit4.SpringJUnit4ClassRunner$1.runReflectiveCall(SpringJUnit4ClassRunner.java:287) [spring-test-4.3.0.RELEASE.jar:4.3.0.RELEASE]
	at org.junit.internal.runners.model.ReflectiveCallable.run(ReflectiveCallable.java:12) [junit-4.12.jar:4.12]
	at org.springframework.test.context.junit4.SpringJUnit4ClassRunner.methodBlock(SpringJUnit4ClassRunner.java:289) [spring-test-4.3.0.RELEASE.jar:4.3.0.RELEASE]
	at org.springframework.test.context.junit4.SpringJUnit4ClassRunner.runChild(SpringJUnit4ClassRunner.java:247) [spring-test-4.3.0.RELEASE.jar:4.3.0.RELEASE]
	at org.springframework.test.context.junit4.SpringJUnit4ClassRunner.runChild(SpringJUnit4ClassRunner.java:94) [spring-test-4.3.0.RELEASE.jar:4.3.0.RELEASE]
	at org.junit.runners.ParentRunner$3.run(ParentRunner.java:290) [junit-4.12.jar:4.12]
	at org.junit.runners.ParentRunner$1.schedule(ParentRunner.java:71) [junit-4.12.jar:4.12]
	at org.junit.runners.ParentRunner.runChildren(ParentRunner.java:288) [junit-4.12.jar:4.12]
	at org.junit.runners.ParentRunner.access$000(ParentRunner.java:58) [junit-4.12.jar:4.12]
	at org.junit.runners.ParentRunner$2.evaluate(ParentRunner.java:268) [junit-4.12.jar:4.12]
	at org.springframework.test.context.junit4.statements.RunBeforeTestClassCallbacks.evaluate(RunBeforeTestClassCallbacks.java:61) [spring-test-4.3.0.RELEASE.jar:4.3.0.RELEASE]
	at org.springframework.test.context.junit4.statements.RunAfterTestClassCallbacks.evaluate(RunAfterTestClassCallbacks.java:70) [spring-test-4.3.0.RELEASE.jar:4.3.0.RELEASE]
	at org.junit.runners.ParentRunner.run(ParentRunner.java:363) [junit-4.12.jar:4.12]
	at org.springframework.test.context.junit4.SpringJUnit4ClassRunner.run(SpringJUnit4ClassRunner.java:191) [spring-test-4.3.0.RELEASE.jar:4.3.0.RELEASE]
	at org.eclipse.jdt.internal.junit4.runner.JUnit4TestReference.run(JUnit4TestReference.java:86) [.cp/:?]
	at org.eclipse.jdt.internal.junit.runner.TestExecution.run(TestExecution.java:38) [.cp/:?]
	at org.eclipse.jdt.internal.junit.runner.RemoteTestRunner.runTests(RemoteTestRunner.java:459) [.cp/:?]
	at org.eclipse.jdt.internal.junit.runner.RemoteTestRunner.runTests(RemoteTestRunner.java:675) [.cp/:?]
	at org.eclipse.jdt.internal.junit.runner.RemoteTestRunner.run(RemoteTestRunner.java:382) [.cp/:?]
	at org.eclipse.jdt.internal.junit.runner.RemoteTestRunner.main(RemoteTestRunner.java:192) [.cp/:?]
03/01/2017 18:34:54.109 [main] INFO  org.hibernate.jpa.internal.util.LogHelper:31 - HHH000204: Processing PersistenceUnitInfo [
	name: default
	...]
03/01/2017 18:34:54.166 [main] INFO  org.hibernate.Version:37 - HHH000412: Hibernate Core {5.1.0.Final}
03/01/2017 18:34:54.167 [main] INFO  org.hibernate.cfg.Environment:213 - HHH000206: hibernate.properties not found
03/01/2017 18:34:54.168 [main] INFO  org.hibernate.cfg.Environment:317 - HHH000021: Bytecode provider name : javassist
03/01/2017 18:34:54.194 [main] INFO  org.hibernate.annotations.common.Version:66 - HCANN000001: Hibernate Commons Annotations {5.0.1.Final}
03/01/2017 18:34:54.376 [main] INFO  org.hibernate.dialect.Dialect:156 - HHH000400: Using dialect: org.hibernate.dialect.PostgreSQL94Dialect
03/01/2017 18:34:54.502 [main] INFO  org.hibernate.engine.jdbc.env.internal.LobCreatorBuilderImpl:124 - HHH000424: Disabling contextual LOB creation as createClob() method threw error : java.lang.reflect.InvocationTargetException
03/01/2017 18:34:54.503 [main] INFO  org.hibernate.type.BasicTypeRegistry:138 - HHH000270: Type registration [java.util.UUID] overrides previous : org.hibernate.type.UUIDBinaryType@37fbe4a8
03/01/2017 18:34:54.692 [main] INFO  org.hibernate.validator.internal.util.Version:30 - HV000001: Hibernate Validator 5.2.4.Final
03/01/2017 18:34:54.745 [main] WARN  org.hibernate.cfg.beanvalidation.TypeSafeActivator:194 - HHH000274: Unable to apply constraints on DDL for br.com.ajvideira.cursos.alura.springmvc.model.Produto
javax.validation.ValidationException: HV000183: Unable to load 'javax.el.ExpressionFactory'. Check that you have the EL dependencies on the classpath, or use ParameterMessageInterpolator instead
	at org.hibernate.validator.internal.engine.ValidatorFactoryImpl.createValidator(ValidatorFactoryImpl.java:339) ~[hibernate-validator-5.2.4.Final.jar:5.2.4.Final]
	at org.hibernate.validator.internal.engine.ValidatorFactoryImpl.getValidator(ValidatorFactoryImpl.java:256) ~[hibernate-validator-5.2.4.Final.jar:5.2.4.Final]
	at org.hibernate.cfg.beanvalidation.TypeSafeActivator.applyDDL(TypeSafeActivator.java:207) ~[hibernate-core-5.1.0.Final.jar:5.1.0.Final]
	at org.hibernate.cfg.beanvalidation.TypeSafeActivator.applyRelationalConstraints(TypeSafeActivator.java:191) [hibernate-core-5.1.0.Final.jar:5.1.0.Final]
	at org.hibernate.cfg.beanvalidation.TypeSafeActivator.applyRelationalConstraints(TypeSafeActivator.java:150) [hibernate-core-5.1.0.Final.jar:5.1.0.Final]
	at org.hibernate.cfg.beanvalidation.TypeSafeActivator.activate(TypeSafeActivator.java:98) [hibernate-core-5.1.0.Final.jar:5.1.0.Final]
	at sun.reflect.NativeMethodAccessorImpl.invoke0(Native Method) ~[?:1.8.0_111]
	at sun.reflect.NativeMethodAccessorImpl.invoke(NativeMethodAccessorImpl.java:62) ~[?:1.8.0_111]
	at sun.reflect.DelegatingMethodAccessorImpl.invoke(DelegatingMethodAccessorImpl.java:43) ~[?:1.8.0_111]
	at java.lang.reflect.Method.invoke(Method.java:498) ~[?:1.8.0_111]
	at org.hibernate.cfg.beanvalidation.BeanValidationIntegrator.integrate(BeanValidationIntegrator.java:132) [hibernate-core-5.1.0.Final.jar:5.1.0.Final]
	at org.hibernate.internal.SessionFactoryImpl.<init>(SessionFactoryImpl.java:276) [hibernate-core-5.1.0.Final.jar:5.1.0.Final]
	at org.hibernate.boot.internal.SessionFactoryBuilderImpl.build(SessionFactoryBuilderImpl.java:465) [hibernate-core-5.1.0.Final.jar:5.1.0.Final]
	at org.hibernate.jpa.boot.internal.EntityManagerFactoryBuilderImpl.build(EntityManagerFactoryBuilderImpl.java:881) [hibernate-entitymanager-5.1.0.Final.jar:5.1.0.Final]
	at org.springframework.orm.jpa.vendor.SpringHibernateJpaPersistenceProvider.createContainerEntityManagerFactory(SpringHibernateJpaPersistenceProvider.java:60) [spring-orm-4.3.0.RELEASE.jar:4.3.0.RELEASE]
	at org.springframework.orm.jpa.LocalContainerEntityManagerFactoryBean.createNativeEntityManagerFactory(LocalContainerEntityManagerFactoryBean.java:338) [spring-orm-4.3.0.RELEASE.jar:4.3.0.RELEASE]
	at org.springframework.orm.jpa.AbstractEntityManagerFactoryBean.buildNativeEntityManagerFactory(AbstractEntityManagerFactoryBean.java:373) [spring-orm-4.3.0.RELEASE.jar:4.3.0.RELEASE]
	at org.springframework.orm.jpa.AbstractEntityManagerFactoryBean.afterPropertiesSet(AbstractEntityManagerFactoryBean.java:362) [spring-orm-4.3.0.RELEASE.jar:4.3.0.RELEASE]
	at org.springframework.beans.factory.support.AbstractAutowireCapableBeanFactory.invokeInitMethods(AbstractAutowireCapableBeanFactory.java:1637) [spring-beans-4.3.0.RELEASE.jar:4.3.0.RELEASE]
	at org.springframework.beans.factory.support.AbstractAutowireCapableBeanFactory.initializeBean(AbstractAutowireCapableBeanFactory.java:1574) [spring-beans-4.3.0.RELEASE.jar:4.3.0.RELEASE]
	at org.springframework.beans.factory.support.AbstractAutowireCapableBeanFactory.doCreateBean(AbstractAutowireCapableBeanFactory.java:545) [spring-beans-4.3.0.RELEASE.jar:4.3.0.RELEASE]
	at org.springframework.beans.factory.support.AbstractAutowireCapableBeanFactory.createBean(AbstractAutowireCapableBeanFactory.java:482) [spring-beans-4.3.0.RELEASE.jar:4.3.0.RELEASE]
	at org.springframework.beans.factory.support.AbstractBeanFactory$1.getObject(AbstractBeanFactory.java:306) [spring-beans-4.3.0.RELEASE.jar:4.3.0.RELEASE]
	at org.springframework.beans.factory.support.DefaultSingletonBeanRegistry.getSingleton(DefaultSingletonBeanRegistry.java:230) [spring-beans-4.3.0.RELEASE.jar:4.3.0.RELEASE]
	at org.springframework.beans.factory.support.AbstractBeanFactory.doGetBean(AbstractBeanFactory.java:302) [spring-beans-4.3.0.RELEASE.jar:4.3.0.RELEASE]
	at org.springframework.beans.factory.support.AbstractBeanFactory.getBean(AbstractBeanFactory.java:197) [spring-beans-4.3.0.RELEASE.jar:4.3.0.RELEASE]
	at org.springframework.context.support.AbstractApplicationContext.getBean(AbstractApplicationContext.java:1076) [spring-context-4.3.0.RELEASE.jar:4.3.0.RELEASE]
	at org.springframework.context.support.AbstractApplicationContext.finishBeanFactoryInitialization(AbstractApplicationContext.java:851) [spring-context-4.3.0.RELEASE.jar:4.3.0.RELEASE]
	at org.springframework.context.support.AbstractApplicationContext.refresh(AbstractApplicationContext.java:541) [spring-context-4.3.0.RELEASE.jar:4.3.0.RELEASE]
	at org.springframework.test.context.support.AbstractGenericContextLoader.loadContext(AbstractGenericContextLoader.java:128) [spring-test-4.3.0.RELEASE.jar:4.3.0.RELEASE]
	at org.springframework.test.context.support.AbstractGenericContextLoader.loadContext(AbstractGenericContextLoader.java:60) [spring-test-4.3.0.RELEASE.jar:4.3.0.RELEASE]
	at org.springframework.test.context.support.AbstractDelegatingSmartContextLoader.delegateLoading(AbstractDelegatingSmartContextLoader.java:108) [spring-test-4.3.0.RELEASE.jar:4.3.0.RELEASE]
	at org.springframework.test.context.support.AbstractDelegatingSmartContextLoader.loadContext(AbstractDelegatingSmartContextLoader.java:251) [spring-test-4.3.0.RELEASE.jar:4.3.0.RELEASE]
	at org.springframework.test.context.cache.DefaultCacheAwareContextLoaderDelegate.loadContextInternal(DefaultCacheAwareContextLoaderDelegate.java:98) [spring-test-4.3.0.RELEASE.jar:4.3.0.RELEASE]
	at org.springframework.test.context.cache.DefaultCacheAwareContextLoaderDelegate.loadContext(DefaultCacheAwareContextLoaderDelegate.java:116) [spring-test-4.3.0.RELEASE.jar:4.3.0.RELEASE]
	at org.springframework.test.context.support.DefaultTestContext.getApplicationContext(DefaultTestContext.java:83) [spring-test-4.3.0.RELEASE.jar:4.3.0.RELEASE]
	at org.springframework.test.context.support.DependencyInjectionTestExecutionListener.injectDependencies(DependencyInjectionTestExecutionListener.java:117) [spring-test-4.3.0.RELEASE.jar:4.3.0.RELEASE]
	at org.springframework.test.context.support.DependencyInjectionTestExecutionListener.prepareTestInstance(DependencyInjectionTestExecutionListener.java:83) [spring-test-4.3.0.RELEASE.jar:4.3.0.RELEASE]
	at org.springframework.test.context.TestContextManager.prepareTestInstance(TestContextManager.java:230) [spring-test-4.3.0.RELEASE.jar:4.3.0.RELEASE]
	at org.springframework.test.context.junit4.SpringJUnit4ClassRunner.createTest(SpringJUnit4ClassRunner.java:228) [spring-test-4.3.0.RELEASE.jar:4.3.0.RELEASE]
	at org.springframework.test.context.junit4.SpringJUnit4ClassRunner$1.runReflectiveCall(SpringJUnit4ClassRunner.java:287) [spring-test-4.3.0.RELEASE.jar:4.3.0.RELEASE]
	at org.junit.internal.runners.model.ReflectiveCallable.run(ReflectiveCallable.java:12) [junit-4.12.jar:4.12]
	at org.springframework.test.context.junit4.SpringJUnit4ClassRunner.methodBlock(SpringJUnit4ClassRunner.java:289) [spring-test-4.3.0.RELEASE.jar:4.3.0.RELEASE]
	at org.springframework.test.context.junit4.SpringJUnit4ClassRunner.runChild(SpringJUnit4ClassRunner.java:247) [spring-test-4.3.0.RELEASE.jar:4.3.0.RELEASE]
	at org.springframework.test.context.junit4.SpringJUnit4ClassRunner.runChild(SpringJUnit4ClassRunner.java:94) [spring-test-4.3.0.RELEASE.jar:4.3.0.RELEASE]
	at org.junit.runners.ParentRunner$3.run(ParentRunner.java:290) [junit-4.12.jar:4.12]
	at org.junit.runners.ParentRunner$1.schedule(ParentRunner.java:71) [junit-4.12.jar:4.12]
	at org.junit.runners.ParentRunner.runChildren(ParentRunner.java:288) [junit-4.12.jar:4.12]
	at org.junit.runners.ParentRunner.access$000(ParentRunner.java:58) [junit-4.12.jar:4.12]
	at org.junit.runners.ParentRunner$2.evaluate(ParentRunner.java:268) [junit-4.12.jar:4.12]
	at org.springframework.test.context.junit4.statements.RunBeforeTestClassCallbacks.evaluate(RunBeforeTestClassCallbacks.java:61) [spring-test-4.3.0.RELEASE.jar:4.3.0.RELEASE]
	at org.springframework.test.context.junit4.statements.RunAfterTestClassCallbacks.evaluate(RunAfterTestClassCallbacks.java:70) [spring-test-4.3.0.RELEASE.jar:4.3.0.RELEASE]
	at org.junit.runners.ParentRunner.run(ParentRunner.java:363) [junit-4.12.jar:4.12]
	at org.springframework.test.context.junit4.SpringJUnit4ClassRunner.run(SpringJUnit4ClassRunner.java:191) [spring-test-4.3.0.RELEASE.jar:4.3.0.RELEASE]
	at org.eclipse.jdt.internal.junit4.runner.JUnit4TestReference.run(JUnit4TestReference.java:86) [.cp/:?]
	at org.eclipse.jdt.internal.junit.runner.TestExecution.run(TestExecution.java:38) [.cp/:?]
	at org.eclipse.jdt.internal.junit.runner.RemoteTestRunner.runTests(RemoteTestRunner.java:459) [.cp/:?]
	at org.eclipse.jdt.internal.junit.runner.RemoteTestRunner.runTests(RemoteTestRunner.java:675) [.cp/:?]
	at org.eclipse.jdt.internal.junit.runner.RemoteTestRunner.run(RemoteTestRunner.java:382) [.cp/:?]
	at org.eclipse.jdt.internal.junit.runner.RemoteTestRunner.main(RemoteTestRunner.java:192) [.cp/:?]
03/01/2017 18:34:54.751 [main] WARN  org.hibernate.cfg.beanvalidation.TypeSafeActivator:194 - HHH000274: Unable to apply constraints on DDL for br.com.ajvideira.cursos.alura.springmvc.model.Role
javax.validation.ValidationException: HV000183: Unable to load 'javax.el.ExpressionFactory'. Check that you have the EL dependencies on the classpath, or use ParameterMessageInterpolator instead
	at org.hibernate.validator.internal.engine.ValidatorFactoryImpl.createValidator(ValidatorFactoryImpl.java:339) ~[hibernate-validator-5.2.4.Final.jar:5.2.4.Final]
	at org.hibernate.validator.internal.engine.ValidatorFactoryImpl.getValidator(ValidatorFactoryImpl.java:256) ~[hibernate-validator-5.2.4.Final.jar:5.2.4.Final]
	at org.hibernate.cfg.beanvalidation.TypeSafeActivator.applyDDL(TypeSafeActivator.java:207) ~[hibernate-core-5.1.0.Final.jar:5.1.0.Final]
	at org.hibernate.cfg.beanvalidation.TypeSafeActivator.applyRelationalConstraints(TypeSafeActivator.java:191) [hibernate-core-5.1.0.Final.jar:5.1.0.Final]
	at org.hibernate.cfg.beanvalidation.TypeSafeActivator.applyRelationalConstraints(TypeSafeActivator.java:150) [hibernate-core-5.1.0.Final.jar:5.1.0.Final]
	at org.hibernate.cfg.beanvalidation.TypeSafeActivator.activate(TypeSafeActivator.java:98) [hibernate-core-5.1.0.Final.jar:5.1.0.Final]
	at sun.reflect.NativeMethodAccessorImpl.invoke0(Native Method) ~[?:1.8.0_111]
	at sun.reflect.NativeMethodAccessorImpl.invoke(NativeMethodAccessorImpl.java:62) ~[?:1.8.0_111]
	at sun.reflect.DelegatingMethodAccessorImpl.invoke(DelegatingMethodAccessorImpl.java:43) ~[?:1.8.0_111]
	at java.lang.reflect.Method.invoke(Method.java:498) ~[?:1.8.0_111]
	at org.hibernate.cfg.beanvalidation.BeanValidationIntegrator.integrate(BeanValidationIntegrator.java:132) [hibernate-core-5.1.0.Final.jar:5.1.0.Final]
	at org.hibernate.internal.SessionFactoryImpl.<init>(SessionFactoryImpl.java:276) [hibernate-core-5.1.0.Final.jar:5.1.0.Final]
	at org.hibernate.boot.internal.SessionFactoryBuilderImpl.build(SessionFactoryBuilderImpl.java:465) [hibernate-core-5.1.0.Final.jar:5.1.0.Final]
	at org.hibernate.jpa.boot.internal.EntityManagerFactoryBuilderImpl.build(EntityManagerFactoryBuilderImpl.java:881) [hibernate-entitymanager-5.1.0.Final.jar:5.1.0.Final]
	at org.springframework.orm.jpa.vendor.SpringHibernateJpaPersistenceProvider.createContainerEntityManagerFactory(SpringHibernateJpaPersistenceProvider.java:60) [spring-orm-4.3.0.RELEASE.jar:4.3.0.RELEASE]
	at org.springframework.orm.jpa.LocalContainerEntityManagerFactoryBean.createNativeEntityManagerFactory(LocalContainerEntityManagerFactoryBean.java:338) [spring-orm-4.3.0.RELEASE.jar:4.3.0.RELEASE]
	at org.springframework.orm.jpa.AbstractEntityManagerFactoryBean.buildNativeEntityManagerFactory(AbstractEntityManagerFactoryBean.java:373) [spring-orm-4.3.0.RELEASE.jar:4.3.0.RELEASE]
	at org.springframework.orm.jpa.AbstractEntityManagerFactoryBean.afterPropertiesSet(AbstractEntityManagerFactoryBean.java:362) [spring-orm-4.3.0.RELEASE.jar:4.3.0.RELEASE]
	at org.springframework.beans.factory.support.AbstractAutowireCapableBeanFactory.invokeInitMethods(AbstractAutowireCapableBeanFactory.java:1637) [spring-beans-4.3.0.RELEASE.jar:4.3.0.RELEASE]
	at org.springframework.beans.factory.support.AbstractAutowireCapableBeanFactory.initializeBean(AbstractAutowireCapableBeanFactory.java:1574) [spring-beans-4.3.0.RELEASE.jar:4.3.0.RELEASE]
	at org.springframework.beans.factory.support.AbstractAutowireCapableBeanFactory.doCreateBean(AbstractAutowireCapableBeanFactory.java:545) [spring-beans-4.3.0.RELEASE.jar:4.3.0.RELEASE]
	at org.springframework.beans.factory.support.AbstractAutowireCapableBeanFactory.createBean(AbstractAutowireCapableBeanFactory.java:482) [spring-beans-4.3.0.RELEASE.jar:4.3.0.RELEASE]
	at org.springframework.beans.factory.support.AbstractBeanFactory$1.getObject(AbstractBeanFactory.java:306) [spring-beans-4.3.0.RELEASE.jar:4.3.0.RELEASE]
	at org.springframework.beans.factory.support.DefaultSingletonBeanRegistry.getSingleton(DefaultSingletonBeanRegistry.java:230) [spring-beans-4.3.0.RELEASE.jar:4.3.0.RELEASE]
	at org.springframework.beans.factory.support.AbstractBeanFactory.doGetBean(AbstractBeanFactory.java:302) [spring-beans-4.3.0.RELEASE.jar:4.3.0.RELEASE]
	at org.springframework.beans.factory.support.AbstractBeanFactory.getBean(AbstractBeanFactory.java:197) [spring-beans-4.3.0.RELEASE.jar:4.3.0.RELEASE]
	at org.springframework.context.support.AbstractApplicationContext.getBean(AbstractApplicationContext.java:1076) [spring-context-4.3.0.RELEASE.jar:4.3.0.RELEASE]
	at org.springframework.context.support.AbstractApplicationContext.finishBeanFactoryInitialization(AbstractApplicationContext.java:851) [spring-context-4.3.0.RELEASE.jar:4.3.0.RELEASE]
	at org.springframework.context.support.AbstractApplicationContext.refresh(AbstractApplicationContext.java:541) [spring-context-4.3.0.RELEASE.jar:4.3.0.RELEASE]
	at org.springframework.test.context.support.AbstractGenericContextLoader.loadContext(AbstractGenericContextLoader.java:128) [spring-test-4.3.0.RELEASE.jar:4.3.0.RELEASE]
	at org.springframework.test.context.support.AbstractGenericContextLoader.loadContext(AbstractGenericContextLoader.java:60) [spring-test-4.3.0.RELEASE.jar:4.3.0.RELEASE]
	at org.springframework.test.context.support.AbstractDelegatingSmartContextLoader.delegateLoading(AbstractDelegatingSmartContextLoader.java:108) [spring-test-4.3.0.RELEASE.jar:4.3.0.RELEASE]
	at org.springframework.test.context.support.AbstractDelegatingSmartContextLoader.loadContext(AbstractDelegatingSmartContextLoader.java:251) [spring-test-4.3.0.RELEASE.jar:4.3.0.RELEASE]
	at org.springframework.test.context.cache.DefaultCacheAwareContextLoaderDelegate.loadContextInternal(DefaultCacheAwareContextLoaderDelegate.java:98) [spring-test-4.3.0.RELEASE.jar:4.3.0.RELEASE]
	at org.springframework.test.context.cache.DefaultCacheAwareContextLoaderDelegate.loadContext(DefaultCacheAwareContextLoaderDelegate.java:116) [spring-test-4.3.0.RELEASE.jar:4.3.0.RELEASE]
	at org.springframework.test.context.support.DefaultTestContext.getApplicationContext(DefaultTestContext.java:83) [spring-test-4.3.0.RELEASE.jar:4.3.0.RELEASE]
	at org.springframework.test.context.support.DependencyInjectionTestExecutionListener.injectDependencies(DependencyInjectionTestExecutionListener.java:117) [spring-test-4.3.0.RELEASE.jar:4.3.0.RELEASE]
	at org.springframework.test.context.support.DependencyInjectionTestExecutionListener.prepareTestInstance(DependencyInjectionTestExecutionListener.java:83) [spring-test-4.3.0.RELEASE.jar:4.3.0.RELEASE]
	at org.springframework.test.context.TestContextManager.prepareTestInstance(TestContextManager.java:230) [spring-test-4.3.0.RELEASE.jar:4.3.0.RELEASE]
	at org.springframework.test.context.junit4.SpringJUnit4ClassRunner.createTest(SpringJUnit4ClassRunner.java:228) [spring-test-4.3.0.RELEASE.jar:4.3.0.RELEASE]
	at org.springframework.test.context.junit4.SpringJUnit4ClassRunner$1.runReflectiveCall(SpringJUnit4ClassRunner.java:287) [spring-test-4.3.0.RELEASE.jar:4.3.0.RELEASE]
	at org.junit.internal.runners.model.ReflectiveCallable.run(ReflectiveCallable.java:12) [junit-4.12.jar:4.12]
	at org.springframework.test.context.junit4.SpringJUnit4ClassRunner.methodBlock(SpringJUnit4ClassRunner.java:289) [spring-test-4.3.0.RELEASE.jar:4.3.0.RELEASE]
	at org.springframework.test.context.junit4.SpringJUnit4ClassRunner.runChild(SpringJUnit4ClassRunner.java:247) [spring-test-4.3.0.RELEASE.jar:4.3.0.RELEASE]
	at org.springframework.test.context.junit4.SpringJUnit4ClassRunner.runChild(SpringJUnit4ClassRunner.java:94) [spring-test-4.3.0.RELEASE.jar:4.3.0.RELEASE]
	at org.junit.runners.ParentRunner$3.run(ParentRunner.java:290) [junit-4.12.jar:4.12]
	at org.junit.runners.ParentRunner$1.schedule(ParentRunner.java:71) [junit-4.12.jar:4.12]
	at org.junit.runners.ParentRunner.runChildren(ParentRunner.java:288) [junit-4.12.jar:4.12]
	at org.junit.runners.ParentRunner.access$000(ParentRunner.java:58) [junit-4.12.jar:4.12]
	at org.junit.runners.ParentRunner$2.evaluate(ParentRunner.java:268) [junit-4.12.jar:4.12]
	at org.springframework.test.context.junit4.statements.RunBeforeTestClassCallbacks.evaluate(RunBeforeTestClassCallbacks.java:61) [spring-test-4.3.0.RELEASE.jar:4.3.0.RELEASE]
	at org.springframework.test.context.junit4.statements.RunAfterTestClassCallbacks.evaluate(RunAfterTestClassCallbacks.java:70) [spring-test-4.3.0.RELEASE.jar:4.3.0.RELEASE]
	at org.junit.runners.ParentRunner.run(ParentRunner.java:363) [junit-4.12.jar:4.12]
	at org.springframework.test.context.junit4.SpringJUnit4ClassRunner.run(SpringJUnit4ClassRunner.java:191) [spring-test-4.3.0.RELEASE.jar:4.3.0.RELEASE]
	at org.eclipse.jdt.internal.junit4.runner.JUnit4TestReference.run(JUnit4TestReference.java:86) [.cp/:?]
	at org.eclipse.jdt.internal.junit.runner.TestExecution.run(TestExecution.java:38) [.cp/:?]
	at org.eclipse.jdt.internal.junit.runner.RemoteTestRunner.runTests(RemoteTestRunner.java:459) [.cp/:?]
	at org.eclipse.jdt.internal.junit.runner.RemoteTestRunner.runTests(RemoteTestRunner.java:675) [.cp/:?]
	at org.eclipse.jdt.internal.junit.runner.RemoteTestRunner.run(RemoteTestRunner.java:382) [.cp/:?]
	at org.eclipse.jdt.internal.junit.runner.RemoteTestRunner.main(RemoteTestRunner.java:192) [.cp/:?]
03/01/2017 18:34:54.753 [main] WARN  org.hibernate.cfg.beanvalidation.TypeSafeActivator:194 - HHH000274: Unable to apply constraints on DDL for br.com.ajvideira.cursos.alura.springmvc.model.Usuario
javax.validation.ValidationException: HV000183: Unable to load 'javax.el.ExpressionFactory'. Check that you have the EL dependencies on the classpath, or use ParameterMessageInterpolator instead
	at org.hibernate.validator.internal.engine.ValidatorFactoryImpl.createValidator(ValidatorFactoryImpl.java:339) ~[hibernate-validator-5.2.4.Final.jar:5.2.4.Final]
	at org.hibernate.validator.internal.engine.ValidatorFactoryImpl.getValidator(ValidatorFactoryImpl.java:256) ~[hibernate-validator-5.2.4.Final.jar:5.2.4.Final]
	at org.hibernate.cfg.beanvalidation.TypeSafeActivator.applyDDL(TypeSafeActivator.java:207) ~[hibernate-core-5.1.0.Final.jar:5.1.0.Final]
	at org.hibernate.cfg.beanvalidation.TypeSafeActivator.applyRelationalConstraints(TypeSafeActivator.java:191) [hibernate-core-5.1.0.Final.jar:5.1.0.Final]
	at org.hibernate.cfg.beanvalidation.TypeSafeActivator.applyRelationalConstraints(TypeSafeActivator.java:150) [hibernate-core-5.1.0.Final.jar:5.1.0.Final]
	at org.hibernate.cfg.beanvalidation.TypeSafeActivator.activate(TypeSafeActivator.java:98) [hibernate-core-5.1.0.Final.jar:5.1.0.Final]
	at sun.reflect.NativeMethodAccessorImpl.invoke0(Native Method) ~[?:1.8.0_111]
	at sun.reflect.NativeMethodAccessorImpl.invoke(NativeMethodAccessorImpl.java:62) ~[?:1.8.0_111]
	at sun.reflect.DelegatingMethodAccessorImpl.invoke(DelegatingMethodAccessorImpl.java:43) ~[?:1.8.0_111]
	at java.lang.reflect.Method.invoke(Method.java:498) ~[?:1.8.0_111]
	at org.hibernate.cfg.beanvalidation.BeanValidationIntegrator.integrate(BeanValidationIntegrator.java:132) [hibernate-core-5.1.0.Final.jar:5.1.0.Final]
	at org.hibernate.internal.SessionFactoryImpl.<init>(SessionFactoryImpl.java:276) [hibernate-core-5.1.0.Final.jar:5.1.0.Final]
	at org.hibernate.boot.internal.SessionFactoryBuilderImpl.build(SessionFactoryBuilderImpl.java:465) [hibernate-core-5.1.0.Final.jar:5.1.0.Final]
	at org.hibernate.jpa.boot.internal.EntityManagerFactoryBuilderImpl.build(EntityManagerFactoryBuilderImpl.java:881) [hibernate-entitymanager-5.1.0.Final.jar:5.1.0.Final]
	at org.springframework.orm.jpa.vendor.SpringHibernateJpaPersistenceProvider.createContainerEntityManagerFactory(SpringHibernateJpaPersistenceProvider.java:60) [spring-orm-4.3.0.RELEASE.jar:4.3.0.RELEASE]
	at org.springframework.orm.jpa.LocalContainerEntityManagerFactoryBean.createNativeEntityManagerFactory(LocalContainerEntityManagerFactoryBean.java:338) [spring-orm-4.3.0.RELEASE.jar:4.3.0.RELEASE]
	at org.springframework.orm.jpa.AbstractEntityManagerFactoryBean.buildNativeEntityManagerFactory(AbstractEntityManagerFactoryBean.java:373) [spring-orm-4.3.0.RELEASE.jar:4.3.0.RELEASE]
	at org.springframework.orm.jpa.AbstractEntityManagerFactoryBean.afterPropertiesSet(AbstractEntityManagerFactoryBean.java:362) [spring-orm-4.3.0.RELEASE.jar:4.3.0.RELEASE]
	at org.springframework.beans.factory.support.AbstractAutowireCapableBeanFactory.invokeInitMethods(AbstractAutowireCapableBeanFactory.java:1637) [spring-beans-4.3.0.RELEASE.jar:4.3.0.RELEASE]
	at org.springframework.beans.factory.support.AbstractAutowireCapableBeanFactory.initializeBean(AbstractAutowireCapableBeanFactory.java:1574) [spring-beans-4.3.0.RELEASE.jar:4.3.0.RELEASE]
	at org.springframework.beans.factory.support.AbstractAutowireCapableBeanFactory.doCreateBean(AbstractAutowireCapableBeanFactory.java:545) [spring-beans-4.3.0.RELEASE.jar:4.3.0.RELEASE]
	at org.springframework.beans.factory.support.AbstractAutowireCapableBeanFactory.createBean(AbstractAutowireCapableBeanFactory.java:482) [spring-beans-4.3.0.RELEASE.jar:4.3.0.RELEASE]
	at org.springframework.beans.factory.support.AbstractBeanFactory$1.getObject(AbstractBeanFactory.java:306) [spring-beans-4.3.0.RELEASE.jar:4.3.0.RELEASE]
	at org.springframework.beans.factory.support.DefaultSingletonBeanRegistry.getSingleton(DefaultSingletonBeanRegistry.java:230) [spring-beans-4.3.0.RELEASE.jar:4.3.0.RELEASE]
	at org.springframework.beans.factory.support.AbstractBeanFactory.doGetBean(AbstractBeanFactory.java:302) [spring-beans-4.3.0.RELEASE.jar:4.3.0.RELEASE]
	at org.springframework.beans.factory.support.AbstractBeanFactory.getBean(AbstractBeanFactory.java:197) [spring-beans-4.3.0.RELEASE.jar:4.3.0.RELEASE]
	at org.springframework.context.support.AbstractApplicationContext.getBean(AbstractApplicationContext.java:1076) [spring-context-4.3.0.RELEASE.jar:4.3.0.RELEASE]
	at org.springframework.context.support.AbstractApplicationContext.finishBeanFactoryInitialization(AbstractApplicationContext.java:851) [spring-context-4.3.0.RELEASE.jar:4.3.0.RELEASE]
	at org.springframework.context.support.AbstractApplicationContext.refresh(AbstractApplicationContext.java:541) [spring-context-4.3.0.RELEASE.jar:4.3.0.RELEASE]
	at org.springframework.test.context.support.AbstractGenericContextLoader.loadContext(AbstractGenericContextLoader.java:128) [spring-test-4.3.0.RELEASE.jar:4.3.0.RELEASE]
	at org.springframework.test.context.support.AbstractGenericContextLoader.loadContext(AbstractGenericContextLoader.java:60) [spring-test-4.3.0.RELEASE.jar:4.3.0.RELEASE]
	at org.springframework.test.context.support.AbstractDelegatingSmartContextLoader.delegateLoading(AbstractDelegatingSmartContextLoader.java:108) [spring-test-4.3.0.RELEASE.jar:4.3.0.RELEASE]
	at org.springframework.test.context.support.AbstractDelegatingSmartContextLoader.loadContext(AbstractDelegatingSmartContextLoader.java:251) [spring-test-4.3.0.RELEASE.jar:4.3.0.RELEASE]
	at org.springframework.test.context.cache.DefaultCacheAwareContextLoaderDelegate.loadContextInternal(DefaultCacheAwareContextLoaderDelegate.java:98) [spring-test-4.3.0.RELEASE.jar:4.3.0.RELEASE]
	at org.springframework.test.context.cache.DefaultCacheAwareContextLoaderDelegate.loadContext(DefaultCacheAwareContextLoaderDelegate.java:116) [spring-test-4.3.0.RELEASE.jar:4.3.0.RELEASE]
	at org.springframework.test.context.support.DefaultTestContext.getApplicationContext(DefaultTestContext.java:83) [spring-test-4.3.0.RELEASE.jar:4.3.0.RELEASE]
	at org.springframework.test.context.support.DependencyInjectionTestExecutionListener.injectDependencies(DependencyInjectionTestExecutionListener.java:117) [spring-test-4.3.0.RELEASE.jar:4.3.0.RELEASE]
	at org.springframework.test.context.support.DependencyInjectionTestExecutionListener.prepareTestInstance(DependencyInjectionTestExecutionListener.java:83) [spring-test-4.3.0.RELEASE.jar:4.3.0.RELEASE]
	at org.springframework.test.context.TestContextManager.prepareTestInstance(TestContextManager.java:230) [spring-test-4.3.0.RELEASE.jar:4.3.0.RELEASE]
	at org.springframework.test.context.junit4.SpringJUnit4ClassRunner.createTest(SpringJUnit4ClassRunner.java:228) [spring-test-4.3.0.RELEASE.jar:4.3.0.RELEASE]
	at org.springframework.test.context.junit4.SpringJUnit4ClassRunner$1.runReflectiveCall(SpringJUnit4ClassRunner.java:287) [spring-test-4.3.0.RELEASE.jar:4.3.0.RELEASE]
	at org.junit.internal.runners.model.ReflectiveCallable.run(ReflectiveCallable.java:12) [junit-4.12.jar:4.12]
	at org.springframework.test.context.junit4.SpringJUnit4ClassRunner.methodBlock(SpringJUnit4ClassRunner.java:289) [spring-test-4.3.0.RELEASE.jar:4.3.0.RELEASE]
	at org.springframework.test.context.junit4.SpringJUnit4ClassRunner.runChild(SpringJUnit4ClassRunner.java:247) [spring-test-4.3.0.RELEASE.jar:4.3.0.RELEASE]
	at org.springframework.test.context.junit4.SpringJUnit4ClassRunner.runChild(SpringJUnit4ClassRunner.java:94) [spring-test-4.3.0.RELEASE.jar:4.3.0.RELEASE]
	at org.junit.runners.ParentRunner$3.run(ParentRunner.java:290) [junit-4.12.jar:4.12]
	at org.junit.runners.ParentRunner$1.schedule(ParentRunner.java:71) [junit-4.12.jar:4.12]
	at org.junit.runners.ParentRunner.runChildren(ParentRunner.java:288) [junit-4.12.jar:4.12]
	at org.junit.runners.ParentRunner.access$000(ParentRunner.java:58) [junit-4.12.jar:4.12]
	at org.junit.runners.ParentRunner$2.evaluate(ParentRunner.java:268) [junit-4.12.jar:4.12]
	at org.springframework.test.context.junit4.statements.RunBeforeTestClassCallbacks.evaluate(RunBeforeTestClassCallbacks.java:61) [spring-test-4.3.0.RELEASE.jar:4.3.0.RELEASE]
	at org.springframework.test.context.junit4.statements.RunAfterTestClassCallbacks.evaluate(RunAfterTestClassCallbacks.java:70) [spring-test-4.3.0.RELEASE.jar:4.3.0.RELEASE]
	at org.junit.runners.ParentRunner.run(ParentRunner.java:363) [junit-4.12.jar:4.12]
	at org.springframework.test.context.junit4.SpringJUnit4ClassRunner.run(SpringJUnit4ClassRunner.java:191) [spring-test-4.3.0.RELEASE.jar:4.3.0.RELEASE]
	at org.eclipse.jdt.internal.junit4.runner.JUnit4TestReference.run(JUnit4TestReference.java:86) [.cp/:?]
	at org.eclipse.jdt.internal.junit.runner.TestExecution.run(TestExecution.java:38) [.cp/:?]
	at org.eclipse.jdt.internal.junit.runner.RemoteTestRunner.runTests(RemoteTestRunner.java:459) [.cp/:?]
	at org.eclipse.jdt.internal.junit.runner.RemoteTestRunner.runTests(RemoteTestRunner.java:675) [.cp/:?]
	at org.eclipse.jdt.internal.junit.runner.RemoteTestRunner.run(RemoteTestRunner.java:382) [.cp/:?]
	at org.eclipse.jdt.internal.junit.runner.RemoteTestRunner.main(RemoteTestRunner.java:192) [.cp/:?]
03/01/2017 18:37:24.106 [main] INFO  org.hibernate.jpa.internal.util.LogHelper:31 - HHH000204: Processing PersistenceUnitInfo [
	name: default
	...]
03/01/2017 18:37:24.154 [main] INFO  org.hibernate.Version:37 - HHH000412: Hibernate Core {5.1.0.Final}
03/01/2017 18:37:24.155 [main] INFO  org.hibernate.cfg.Environment:213 - HHH000206: hibernate.properties not found
03/01/2017 18:37:24.157 [main] INFO  org.hibernate.cfg.Environment:317 - HHH000021: Bytecode provider name : javassist
03/01/2017 18:37:24.184 [main] INFO  org.hibernate.annotations.common.Version:66 - HCANN000001: Hibernate Commons Annotations {5.0.1.Final}
03/01/2017 18:37:24.387 [main] INFO  org.hibernate.dialect.Dialect:156 - HHH000400: Using dialect: org.hibernate.dialect.PostgreSQL94Dialect
03/01/2017 18:37:24.499 [main] INFO  org.hibernate.engine.jdbc.env.internal.LobCreatorBuilderImpl:124 - HHH000424: Disabling contextual LOB creation as createClob() method threw error : java.lang.reflect.InvocationTargetException
03/01/2017 18:37:24.501 [main] INFO  org.hibernate.type.BasicTypeRegistry:138 - HHH000270: Type registration [java.util.UUID] overrides previous : org.hibernate.type.UUIDBinaryType@7d373bcf
03/01/2017 18:37:24.684 [main] INFO  org.hibernate.validator.internal.util.Version:30 - HV000001: Hibernate Validator 5.2.4.Final
03/01/2017 18:37:39.737 [main] INFO  org.hibernate.jpa.internal.util.LogHelper:31 - HHH000204: Processing PersistenceUnitInfo [
	name: default
	...]
03/01/2017 18:37:39.791 [main] INFO  org.hibernate.Version:37 - HHH000412: Hibernate Core {5.1.0.Final}
03/01/2017 18:37:39.792 [main] INFO  org.hibernate.cfg.Environment:213 - HHH000206: hibernate.properties not found
03/01/2017 18:37:39.794 [main] INFO  org.hibernate.cfg.Environment:317 - HHH000021: Bytecode provider name : javassist
03/01/2017 18:37:39.820 [main] INFO  org.hibernate.annotations.common.Version:66 - HCANN000001: Hibernate Commons Annotations {5.0.1.Final}
03/01/2017 18:37:40.015 [main] INFO  org.hibernate.dialect.Dialect:156 - HHH000400: Using dialect: org.hibernate.dialect.PostgreSQL94Dialect
03/01/2017 18:37:40.134 [main] INFO  org.hibernate.engine.jdbc.env.internal.LobCreatorBuilderImpl:124 - HHH000424: Disabling contextual LOB creation as createClob() method threw error : java.lang.reflect.InvocationTargetException
03/01/2017 18:37:40.136 [main] INFO  org.hibernate.type.BasicTypeRegistry:138 - HHH000270: Type registration [java.util.UUID] overrides previous : org.hibernate.type.UUIDBinaryType@7d373bcf
03/01/2017 18:37:40.320 [main] INFO  org.hibernate.validator.internal.util.Version:30 - HV000001: Hibernate Validator 5.2.4.Final
04/01/2017 09:16:07.979 [main] INFO  org.hibernate.jpa.internal.util.LogHelper:31 - HHH000204: Processing PersistenceUnitInfo [
	name: default
	...]
04/01/2017 09:16:08.063 [main] INFO  org.hibernate.Version:37 - HHH000412: Hibernate Core {5.1.0.Final}
04/01/2017 09:16:08.064 [main] INFO  org.hibernate.cfg.Environment:213 - HHH000206: hibernate.properties not found
04/01/2017 09:16:08.065 [main] INFO  org.hibernate.cfg.Environment:317 - HHH000021: Bytecode provider name : javassist
04/01/2017 09:16:08.117 [main] INFO  org.hibernate.annotations.common.Version:66 - HCANN000001: Hibernate Commons Annotations {5.0.1.Final}
04/01/2017 09:16:08.830 [main] INFO  org.hibernate.dialect.Dialect:156 - HHH000400: Using dialect: org.hibernate.dialect.PostgreSQL94Dialect
04/01/2017 09:16:08.984 [main] INFO  org.hibernate.engine.jdbc.env.internal.LobCreatorBuilderImpl:124 - HHH000424: Disabling contextual LOB creation as createClob() method threw error : java.lang.reflect.InvocationTargetException
04/01/2017 09:16:09.001 [main] INFO  org.hibernate.type.BasicTypeRegistry:138 - HHH000270: Type registration [java.util.UUID] overrides previous : org.hibernate.type.UUIDBinaryType@2f3c6ac4
04/01/2017 09:16:09.256 [main] INFO  org.hibernate.validator.internal.util.Version:30 - HV000001: Hibernate Validator 5.2.4.Final
04/01/2017 09:16:11.887 [main] INFO  org.hibernate.hql.internal.QueryTranslatorFactoryInitiator:47 - HHH000397: Using ASTQueryTranslatorFactory
04/01/2017 10:05:49.931 [main] INFO  org.hibernate.jpa.internal.util.LogHelper:31 - HHH000204: Processing PersistenceUnitInfo [
	name: default
	...]
04/01/2017 10:05:50.071 [main] INFO  org.hibernate.Version:37 - HHH000412: Hibernate Core {5.1.0.Final}
04/01/2017 10:05:50.072 [main] INFO  org.hibernate.cfg.Environment:213 - HHH000206: hibernate.properties not found
04/01/2017 10:05:50.073 [main] INFO  org.hibernate.cfg.Environment:317 - HHH000021: Bytecode provider name : javassist
04/01/2017 10:05:50.136 [main] INFO  org.hibernate.annotations.common.Version:66 - HCANN000001: Hibernate Commons Annotations {5.0.1.Final}
04/01/2017 10:05:50.781 [main] INFO  org.hibernate.dialect.Dialect:156 - HHH000400: Using dialect: org.hibernate.dialect.PostgreSQL94Dialect
04/01/2017 10:05:50.933 [main] INFO  org.hibernate.engine.jdbc.env.internal.LobCreatorBuilderImpl:124 - HHH000424: Disabling contextual LOB creation as createClob() method threw error : java.lang.reflect.InvocationTargetException
04/01/2017 10:05:50.935 [main] INFO  org.hibernate.type.BasicTypeRegistry:138 - HHH000270: Type registration [java.util.UUID] overrides previous : org.hibernate.type.UUIDBinaryType@120f38e6
04/01/2017 10:05:51.215 [main] INFO  org.hibernate.validator.internal.util.Version:30 - HV000001: Hibernate Validator 5.2.4.Final
04/01/2017 10:05:51.882 [main] INFO  org.hibernate.hql.internal.QueryTranslatorFactoryInitiator:47 - HHH000397: Using ASTQueryTranslatorFactory
04/01/2017 10:06:15.572 [main] INFO  org.hibernate.jpa.internal.util.LogHelper:31 - HHH000204: Processing PersistenceUnitInfo [
	name: default
	...]
04/01/2017 10:06:15.619 [main] INFO  org.hibernate.Version:37 - HHH000412: Hibernate Core {5.1.0.Final}
04/01/2017 10:06:15.620 [main] INFO  org.hibernate.cfg.Environment:213 - HHH000206: hibernate.properties not found
04/01/2017 10:06:15.621 [main] INFO  org.hibernate.cfg.Environment:317 - HHH000021: Bytecode provider name : javassist
04/01/2017 10:06:15.645 [main] INFO  org.hibernate.annotations.common.Version:66 - HCANN000001: Hibernate Commons Annotations {5.0.1.Final}
04/01/2017 10:06:15.872 [main] INFO  org.hibernate.dialect.Dialect:156 - HHH000400: Using dialect: org.hibernate.dialect.PostgreSQL94Dialect
04/01/2017 10:06:16.044 [main] INFO  org.hibernate.engine.jdbc.env.internal.LobCreatorBuilderImpl:124 - HHH000424: Disabling contextual LOB creation as createClob() method threw error : java.lang.reflect.InvocationTargetException
04/01/2017 10:06:16.046 [main] INFO  org.hibernate.type.BasicTypeRegistry:138 - HHH000270: Type registration [java.util.UUID] overrides previous : org.hibernate.type.UUIDBinaryType@48f5bde6
04/01/2017 10:06:16.222 [main] INFO  org.hibernate.validator.internal.util.Version:30 - HV000001: Hibernate Validator 5.2.4.Final
04/01/2017 10:06:16.431 [main] INFO  org.hibernate.tool.schema.extract.internal.InformationExtractorJdbcDatabaseMetaDataImpl:365 - HHH000262: Table not found: produto
04/01/2017 10:06:16.433 [main] INFO  org.hibernate.tool.schema.extract.internal.InformationExtractorJdbcDatabaseMetaDataImpl:365 - HHH000262: Table not found: produto
04/01/2017 10:06:16.761 [main] INFO  org.hibernate.tool.schema.extract.internal.InformationExtractorJdbcDatabaseMetaDataImpl:365 - HHH000262: Table not found: produto_precos
04/01/2017 10:06:16.763 [main] INFO  org.hibernate.tool.schema.extract.internal.InformationExtractorJdbcDatabaseMetaDataImpl:365 - HHH000262: Table not found: produto_precos
04/01/2017 10:06:16.778 [main] INFO  org.hibernate.tool.schema.extract.internal.InformationExtractorJdbcDatabaseMetaDataImpl:365 - HHH000262: Table not found: ROLE
04/01/2017 10:06:16.779 [main] INFO  org.hibernate.tool.schema.extract.internal.InformationExtractorJdbcDatabaseMetaDataImpl:365 - HHH000262: Table not found: ROLE
04/01/2017 10:06:16.836 [main] INFO  org.hibernate.tool.schema.extract.internal.InformationExtractorJdbcDatabaseMetaDataImpl:365 - HHH000262: Table not found: USUARIO
04/01/2017 10:06:16.837 [main] INFO  org.hibernate.tool.schema.extract.internal.InformationExtractorJdbcDatabaseMetaDataImpl:365 - HHH000262: Table not found: USUARIO
04/01/2017 10:06:16.912 [main] INFO  org.hibernate.tool.schema.extract.internal.InformationExtractorJdbcDatabaseMetaDataImpl:365 - HHH000262: Table not found: usuario_role
04/01/2017 10:06:16.913 [main] INFO  org.hibernate.tool.schema.extract.internal.InformationExtractorJdbcDatabaseMetaDataImpl:365 - HHH000262: Table not found: usuario_role
04/01/2017 10:06:17.198 [main] INFO  org.hibernate.hql.internal.QueryTranslatorFactoryInitiator:47 - HHH000397: Using ASTQueryTranslatorFactory
04/01/2017 10:09:15.036 [main] INFO  org.hibernate.jpa.internal.util.LogHelper:31 - HHH000204: Processing PersistenceUnitInfo [
	name: default
	...]
04/01/2017 10:09:15.081 [main] INFO  org.hibernate.Version:37 - HHH000412: Hibernate Core {5.1.0.Final}
04/01/2017 10:09:15.082 [main] INFO  org.hibernate.cfg.Environment:213 - HHH000206: hibernate.properties not found
04/01/2017 10:09:15.083 [main] INFO  org.hibernate.cfg.Environment:317 - HHH000021: Bytecode provider name : javassist
04/01/2017 10:09:15.106 [main] INFO  org.hibernate.annotations.common.Version:66 - HCANN000001: Hibernate Commons Annotations {5.0.1.Final}
04/01/2017 10:09:15.267 [main] INFO  org.hibernate.dialect.Dialect:156 - HHH000400: Using dialect: org.hibernate.dialect.PostgreSQL94Dialect
04/01/2017 10:09:15.390 [main] INFO  org.hibernate.engine.jdbc.env.internal.LobCreatorBuilderImpl:124 - HHH000424: Disabling contextual LOB creation as createClob() method threw error : java.lang.reflect.InvocationTargetException
04/01/2017 10:09:15.392 [main] INFO  org.hibernate.type.BasicTypeRegistry:138 - HHH000270: Type registration [java.util.UUID] overrides previous : org.hibernate.type.UUIDBinaryType@48f5bde6
04/01/2017 10:09:15.577 [main] INFO  org.hibernate.validator.internal.util.Version:30 - HV000001: Hibernate Validator 5.2.4.Final
04/01/2017 10:09:15.800 [main] INFO  org.hibernate.tool.schema.extract.internal.InformationExtractorJdbcDatabaseMetaDataImpl:365 - HHH000262: Table not found: produto
04/01/2017 10:09:15.801 [main] INFO  org.hibernate.tool.schema.extract.internal.InformationExtractorJdbcDatabaseMetaDataImpl:365 - HHH000262: Table not found: produto
04/01/2017 10:09:15.899 [main] INFO  org.hibernate.tool.schema.extract.internal.InformationExtractorJdbcDatabaseMetaDataImpl:365 - HHH000262: Table not found: produto_precos
04/01/2017 10:09:15.900 [main] INFO  org.hibernate.tool.schema.extract.internal.InformationExtractorJdbcDatabaseMetaDataImpl:365 - HHH000262: Table not found: produto_precos
04/01/2017 10:09:15.915 [main] INFO  org.hibernate.tool.schema.extract.internal.InformationExtractorJdbcDatabaseMetaDataImpl:365 - HHH000262: Table not found: ROLE
04/01/2017 10:09:15.917 [main] INFO  org.hibernate.tool.schema.extract.internal.InformationExtractorJdbcDatabaseMetaDataImpl:365 - HHH000262: Table not found: ROLE
04/01/2017 10:09:15.957 [main] INFO  org.hibernate.tool.schema.extract.internal.InformationExtractorJdbcDatabaseMetaDataImpl:365 - HHH000262: Table not found: USUARIO
04/01/2017 10:09:15.959 [main] INFO  org.hibernate.tool.schema.extract.internal.InformationExtractorJdbcDatabaseMetaDataImpl:365 - HHH000262: Table not found: USUARIO
04/01/2017 10:09:16.024 [main] INFO  org.hibernate.tool.schema.extract.internal.InformationExtractorJdbcDatabaseMetaDataImpl:365 - HHH000262: Table not found: usuario_role
04/01/2017 10:09:16.026 [main] INFO  org.hibernate.tool.schema.extract.internal.InformationExtractorJdbcDatabaseMetaDataImpl:365 - HHH000262: Table not found: usuario_role
04/01/2017 10:09:16.259 [main] INFO  org.hibernate.hql.internal.QueryTranslatorFactoryInitiator:47 - HHH000397: Using ASTQueryTranslatorFactory
04/01/2017 10:56:59.856 [main] INFO  org.hibernate.jpa.internal.util.LogHelper:31 - HHH000204: Processing PersistenceUnitInfo [
	name: default
	...]
04/01/2017 10:56:59.972 [main] INFO  org.hibernate.Version:37 - HHH000412: Hibernate Core {5.1.0.Final}
04/01/2017 10:56:59.973 [main] INFO  org.hibernate.cfg.Environment:213 - HHH000206: hibernate.properties not found
04/01/2017 10:56:59.974 [main] INFO  org.hibernate.cfg.Environment:317 - HHH000021: Bytecode provider name : javassist
04/01/2017 10:57:00.023 [main] INFO  org.hibernate.annotations.common.Version:66 - HCANN000001: Hibernate Commons Annotations {5.0.1.Final}
04/01/2017 10:57:00.433 [main] INFO  org.hibernate.dialect.Dialect:156 - HHH000400: Using dialect: org.hibernate.dialect.PostgreSQL94Dialect
04/01/2017 10:57:00.587 [main] INFO  org.hibernate.engine.jdbc.env.internal.LobCreatorBuilderImpl:124 - HHH000424: Disabling contextual LOB creation as createClob() method threw error : java.lang.reflect.InvocationTargetException
04/01/2017 10:57:00.589 [main] INFO  org.hibernate.type.BasicTypeRegistry:138 - HHH000270: Type registration [java.util.UUID] overrides previous : org.hibernate.type.UUIDBinaryType@56193c7d
04/01/2017 10:57:01.019 [main] INFO  org.hibernate.validator.internal.util.Version:30 - HV000001: Hibernate Validator 5.2.4.Final
04/01/2017 10:57:11.339 [main] INFO  org.hibernate.hql.internal.QueryTranslatorFactoryInitiator:47 - HHH000397: Using ASTQueryTranslatorFactory
04/01/2017 10:58:37.824 [main] INFO  org.hibernate.jpa.internal.util.LogHelper:31 - HHH000204: Processing PersistenceUnitInfo [
	name: default
	...]
04/01/2017 10:58:37.884 [main] INFO  org.hibernate.Version:37 - HHH000412: Hibernate Core {5.1.0.Final}
04/01/2017 10:58:37.886 [main] INFO  org.hibernate.cfg.Environment:213 - HHH000206: hibernate.properties not found
04/01/2017 10:58:37.887 [main] INFO  org.hibernate.cfg.Environment:317 - HHH000021: Bytecode provider name : javassist
04/01/2017 10:58:37.914 [main] INFO  org.hibernate.annotations.common.Version:66 - HCANN000001: Hibernate Commons Annotations {5.0.1.Final}
04/01/2017 10:58:38.090 [main] INFO  org.hibernate.dialect.Dialect:156 - HHH000400: Using dialect: org.hibernate.dialect.PostgreSQL94Dialect
04/01/2017 10:58:38.219 [main] INFO  org.hibernate.engine.jdbc.env.internal.LobCreatorBuilderImpl:124 - HHH000424: Disabling contextual LOB creation as createClob() method threw error : java.lang.reflect.InvocationTargetException
04/01/2017 10:58:38.221 [main] INFO  org.hibernate.type.BasicTypeRegistry:138 - HHH000270: Type registration [java.util.UUID] overrides previous : org.hibernate.type.UUIDBinaryType@56193c7d
04/01/2017 10:58:38.408 [main] INFO  org.hibernate.validator.internal.util.Version:30 - HV000001: Hibernate Validator 5.2.4.Final
04/01/2017 10:58:39.849 [main] INFO  org.hibernate.hql.internal.QueryTranslatorFactoryInitiator:47 - HHH000397: Using ASTQueryTranslatorFactory
04/01/2017 11:20:56.881 [main] INFO  org.hibernate.jpa.internal.util.LogHelper:31 - HHH000204: Processing PersistenceUnitInfo [
	name: default
	...]
04/01/2017 11:20:56.928 [main] INFO  org.hibernate.Version:37 - HHH000412: Hibernate Core {5.1.0.Final}
04/01/2017 11:20:56.929 [main] INFO  org.hibernate.cfg.Environment:213 - HHH000206: hibernate.properties not found
04/01/2017 11:20:56.930 [main] INFO  org.hibernate.cfg.Environment:317 - HHH000021: Bytecode provider name : javassist
04/01/2017 11:20:56.953 [main] INFO  org.hibernate.annotations.common.Version:66 - HCANN000001: Hibernate Commons Annotations {5.0.1.Final}
04/01/2017 11:20:57.120 [main] INFO  org.hibernate.dialect.Dialect:156 - HHH000400: Using dialect: org.hibernate.dialect.PostgreSQL94Dialect
04/01/2017 11:20:57.245 [main] INFO  org.hibernate.engine.jdbc.env.internal.LobCreatorBuilderImpl:124 - HHH000424: Disabling contextual LOB creation as createClob() method threw error : java.lang.reflect.InvocationTargetException
04/01/2017 11:20:57.247 [main] INFO  org.hibernate.type.BasicTypeRegistry:138 - HHH000270: Type registration [java.util.UUID] overrides previous : org.hibernate.type.UUIDBinaryType@5f8890c2
04/01/2017 11:20:57.441 [main] INFO  org.hibernate.validator.internal.util.Version:30 - HV000001: Hibernate Validator 5.2.4.Final
04/01/2017 11:20:58.976 [main] INFO  org.hibernate.hql.internal.QueryTranslatorFactoryInitiator:47 - HHH000397: Using ASTQueryTranslatorFactory
04/01/2017 11:21:22.017 [main] INFO  org.hibernate.jpa.internal.util.LogHelper:31 - HHH000204: Processing PersistenceUnitInfo [
	name: default
	...]
04/01/2017 11:21:22.073 [main] INFO  org.hibernate.Version:37 - HHH000412: Hibernate Core {5.1.0.Final}
04/01/2017 11:21:22.074 [main] INFO  org.hibernate.cfg.Environment:213 - HHH000206: hibernate.properties not found
04/01/2017 11:21:22.075 [main] INFO  org.hibernate.cfg.Environment:317 - HHH000021: Bytecode provider name : javassist
04/01/2017 11:21:22.099 [main] INFO  org.hibernate.annotations.common.Version:66 - HCANN000001: Hibernate Commons Annotations {5.0.1.Final}
04/01/2017 11:21:22.289 [main] INFO  org.hibernate.dialect.Dialect:156 - HHH000400: Using dialect: org.hibernate.dialect.PostgreSQL94Dialect
04/01/2017 11:21:22.440 [main] INFO  org.hibernate.engine.jdbc.env.internal.LobCreatorBuilderImpl:124 - HHH000424: Disabling contextual LOB creation as createClob() method threw error : java.lang.reflect.InvocationTargetException
04/01/2017 11:21:22.442 [main] INFO  org.hibernate.type.BasicTypeRegistry:138 - HHH000270: Type registration [java.util.UUID] overrides previous : org.hibernate.type.UUIDBinaryType@5f8890c2
04/01/2017 11:21:22.659 [main] INFO  org.hibernate.validator.internal.util.Version:30 - HV000001: Hibernate Validator 5.2.4.Final
04/01/2017 11:21:24.508 [main] INFO  org.hibernate.hql.internal.QueryTranslatorFactoryInitiator:47 - HHH000397: Using ASTQueryTranslatorFactory
